{
  "stats": {
    "suites": 1,
    "tests": 1,
    "passes": 1,
    "pending": 0,
    "failures": 0,
    "start": "2022-10-16T04:34:28.541Z",
    "end": "2022-10-16T04:34:30.791Z",
    "duration": 2250,
    "testsRegistered": 1,
    "passPercent": 100,
    "pendingPercent": 0,
    "other": 0,
    "hasOther": false,
    "skipped": 0,
    "hasSkipped": false
  },
  "results": [
    {
      "uuid": "34193315-77d9-4bf8-bd7f-24e087d86ca1",
      "title": "",
      "fullFile": "cypress/e2e/spec2.cy.js",
      "file": "cypress/e2e/spec2.cy.js",
      "beforeHooks": [],
      "afterHooks": [],
      "tests": [],
      "suites": [
        {
          "uuid": "fa3ab9e7-79b9-4ef3-88d3-812e2ab317f4",
          "title": "empty spec",
          "fullFile": "",
          "file": "",
          "beforeHooks": [],
          "afterHooks": [],
          "tests": [
            {
              "title": "spec2",
              "fullTitle": "empty spec spec2",
              "timedOut": null,
              "duration": 935,
              "state": "passed",
              "speed": "fast",
              "pass": true,
              "fail": false,
              "pending": false,
              "context": null,
              "code": "cy.visit('https://example.cypress.io');",
              "err": {},
              "uuid": "654b1077-9b5a-4731-9195-462646483b19",
              "parentUUID": "fa3ab9e7-79b9-4ef3-88d3-812e2ab317f4",
              "isHook": false,
              "skipped": false
            }
          ],
          "suites": [],
          "passes": [
            "654b1077-9b5a-4731-9195-462646483b19"
          ],
          "failures": [],
          "pending": [],
          "skipped": [],
          "duration": 935,
          "root": false,
          "rootEmpty": false,
          "_timeout": 2000
        }
      ],
      "passes": [],
      "failures": [],
      "pending": [],
      "skipped": [],
      "duration": 0,
      "root": true,
      "rootEmpty": true,
      "_timeout": 2000
    }
  ],
  "meta": {
    "mocha": {
      "version": "7.0.1"
    },
    "mochawesome": {
      "options": {
        "quiet": false,
        "reportFilename": "mochawesome",
        "saveHtml": false,
        "saveJson": true,
        "consoleReporter": "spec",
        "useInlineDiffs": false,
        "code": true
      },
      "version": "7.1.3"
    },
    "marge": {
      "options": {
        "charts": true,
        "overwrite": false,
        "html": false,
        "json": true,
        "reportDir": "./mochawesome-report"
      },
      "version": "6.2.0"
    }
  }
}