{
  "stats": {
    "suites": 1,
    "tests": 1,
    "passes": 1,
    "pending": 0,
    "failures": 0,
    "start": "2022-10-16T05:46:22.891Z",
    "end": "2022-10-16T05:46:25.007Z",
    "duration": 2116,
    "testsRegistered": 1,
    "passPercent": 100,
    "pendingPercent": 0,
    "other": 0,
    "hasOther": false,
    "skipped": 0,
    "hasSkipped": false
  },
  "results": [
    {
      "uuid": "961e5225-24c5-4454-a921-3d8a83ce5fc1",
      "title": "",
      "fullFile": "cypress/e2e/PRD-2.cy.js",
      "file": "cypress/e2e/PRD-2.cy.js",
      "beforeHooks": [],
      "afterHooks": [],
      "tests": [],
      "suites": [
        {
          "uuid": "5401878c-2812-4c4b-a197-2b178d3ec936",
          "title": "PRD-2",
          "fullFile": "",
          "file": "",
          "beforeHooks": [],
          "afterHooks": [],
          "tests": [
            {
              "title": "PRD-2",
              "fullTitle": "PRD-2 PRD-2",
              "timedOut": null,
              "duration": 875,
              "state": "passed",
              "speed": "fast",
              "pass": true,
              "fail": false,
              "pending": false,
              "context": null,
              "code": "cy.visit('https://example.cypress.io');",
              "err": {},
              "uuid": "801f0ff4-9e80-481a-a0bd-f8ff9ad5a0d1",
              "parentUUID": "5401878c-2812-4c4b-a197-2b178d3ec936",
              "isHook": false,
              "skipped": false
            }
          ],
          "suites": [],
          "passes": [
            "801f0ff4-9e80-481a-a0bd-f8ff9ad5a0d1"
          ],
          "failures": [],
          "pending": [],
          "skipped": [],
          "duration": 875,
          "root": false,
          "rootEmpty": false,
          "_timeout": 2000
        }
      ],
      "passes": [],
      "failures": [],
      "pending": [],
      "skipped": [],
      "duration": 0,
      "root": true,
      "rootEmpty": true,
      "_timeout": 2000
    }
  ],
  "meta": {
    "mocha": {
      "version": "7.0.1"
    },
    "mochawesome": {
      "options": {
        "quiet": false,
        "reportFilename": "mochawesome",
        "saveHtml": false,
        "saveJson": true,
        "consoleReporter": "spec",
        "useInlineDiffs": false,
        "code": true
      },
      "version": "7.1.3"
    },
    "marge": {
      "options": {
        "charts": true,
        "overwrite": false,
        "html": false,
        "json": true,
        "reportDir": "./mochawesome-report"
      },
      "version": "6.2.0"
    }
  }
}