{
  "stats": {
    "suites": 1,
    "tests": 1,
    "passes": 1,
    "pending": 0,
    "failures": 0,
    "start": "2022-10-16T04:34:20.003Z",
    "end": "2022-10-16T04:34:22.738Z",
    "duration": 2735,
    "testsRegistered": 1,
    "passPercent": 100,
    "pendingPercent": 0,
    "other": 0,
    "hasOther": false,
    "skipped": 0,
    "hasSkipped": false
  },
  "results": [
    {
      "uuid": "22425e14-508a-4b11-bfbd-fb5075470c65",
      "title": "",
      "fullFile": "cypress/e2e/spec1.cy.js",
      "file": "cypress/e2e/spec1.cy.js",
      "beforeHooks": [],
      "afterHooks": [],
      "tests": [],
      "suites": [
        {
          "uuid": "3561196c-d761-4e94-a665-d39561d8ab90",
          "title": "empty spec",
          "fullFile": "",
          "file": "",
          "beforeHooks": [],
          "afterHooks": [],
          "tests": [
            {
              "title": "spec1",
              "fullTitle": "empty spec spec1",
              "timedOut": null,
              "duration": 1166,
              "state": "passed",
              "speed": "fast",
              "pass": true,
              "fail": false,
              "pending": false,
              "context": null,
              "code": "cy.visit('https://example.cypress.io');",
              "err": {},
              "uuid": "e8265c36-173c-47ef-822b-86b970f79fa0",
              "parentUUID": "3561196c-d761-4e94-a665-d39561d8ab90",
              "isHook": false,
              "skipped": false
            }
          ],
          "suites": [],
          "passes": [
            "e8265c36-173c-47ef-822b-86b970f79fa0"
          ],
          "failures": [],
          "pending": [],
          "skipped": [],
          "duration": 1166,
          "root": false,
          "rootEmpty": false,
          "_timeout": 2000
        }
      ],
      "passes": [],
      "failures": [],
      "pending": [],
      "skipped": [],
      "duration": 0,
      "root": true,
      "rootEmpty": true,
      "_timeout": 2000
    }
  ],
  "meta": {
    "mocha": {
      "version": "7.0.1"
    },
    "mochawesome": {
      "options": {
        "quiet": false,
        "reportFilename": "mochawesome",
        "saveHtml": false,
        "saveJson": true,
        "consoleReporter": "spec",
        "useInlineDiffs": false,
        "code": true
      },
      "version": "7.1.3"
    },
    "marge": {
      "options": {
        "charts": true,
        "overwrite": false,
        "html": false,
        "json": true,
        "reportDir": "./mochawesome-report"
      },
      "version": "6.2.0"
    }
  }
}